/DATA/ramendra_2511ai39/miniconda3/envs/flora/lib/python3.10/site-packages/huggingface_hub/file_download.py:949: FutureWarning: `resume_download` is deprecated and will be removed in version 1.0.0. Downloads always resume when possible. If you want to force a new download, use `force_download=True`.
  warnings.warn(

============================================================
  Method : FEDAVG
  Clients: 10  |  Rounds: 20
  Alpha  : 0.5  |  Rank: N/A
  Device : cuda
============================================================

Loading SST-2 dataset...
  Train samples per client: min=392, max=37194, total=67349
  Trainable params: 109,483,778
  Est. comm cost/round: 4176.47 MB

Round   1/20 | Acc: 0.5092 | Loss: 0.7106 | Comm: 4176.5 MB | Time: 1371.3s
Round   2/20 | Acc: 0.4908 | Loss: 0.7133 | Comm: 8352.9 MB | Time: 584.3s
Round   3/20 | Acc: 0.5092 | Loss: 0.7845 | Comm: 12529.4 MB | Time: 1461.8s
Round   4/20 | Acc: 0.4908 | Loss: 0.7551 | Comm: 16705.9 MB | Time: 783.1s
Round   5/20 | Acc: 0.5092 | Loss: 0.7008 | Comm: 20882.4 MB | Time: 609.0s
Round   6/20 | Acc: 0.4908 | Loss: 1.0615 | Comm: 25058.8 MB | Time: 506.4s
Round   7/20 | Acc: 0.5092 | Loss: 0.7510 | Comm: 29235.3 MB | Time: 489.2s
Round   8/20 | Acc: 0.5092 | Loss: 0.7382 | Comm: 33411.8 MB | Time: 1381.4s
Round   9/20 | Acc: 0.5092 | Loss: 0.7432 | Comm: 37588.3 MB | Time: 1710.2s
Round  10/20 | Acc: 0.4908 | Loss: 0.7630 | Comm: 41764.7 MB | Time: 432.1s
Round  11/20 | Acc: 0.4908 | Loss: 0.7397 | Comm: 45941.2 MB | Time: 760.6s
Round  12/20 | Acc: 0.5092 | Loss: 0.7522 | Comm: 50117.7 MB | Time: 1517.8s
Round  13/20 | Acc: 0.4908 | Loss: 1.2379 | Comm: 54294.2 MB | Time: 574.8s
Round  14/20 | Acc: 0.5092 | Loss: 0.7078 | Comm: 58470.6 MB | Time: 1868.3s
Round  15/20 | Acc: 0.5092 | Loss: 0.7252 | Comm: 62647.1 MB | Time: 1602.9s
Round  16/20 | Acc: 0.5092 | Loss: 0.7579 | Comm: 66823.6 MB | Time: 1799.7s
Round  17/20 | Acc: 0.4908 | Loss: 0.7824 | Comm: 71000.1 MB | Time: 779.3s
Round  18/20 | Acc: 0.5092 | Loss: 0.7206 | Comm: 75176.5 MB | Time: 1710.7s
Round  19/20 | Acc: 0.5092 | Loss: 0.7193 | Comm: 79353.0 MB | Time: 1847.6s
Round  20/20 | Acc: 0.5092 | Loss: 0.7873 | Comm: 83529.5 MB | Time: 1450.0s

Results saved → resultsx/fedavg_alpha0.5_clients10.csv

──────────────────────────────────────────────────
  Best Accuracy     : 0.5092
  Final Accuracy    : 0.5092
  Convergence Round : None
  Total Comm Cost   : 83529.5 MB
──────────────────────────────────────────────────

